First: (14, -108434.0)
Got better! (14, -108434.0) (12, -92839.0)
Got better! (12, -92839.0) (9, -95513.0)
Got better! (9, -95513.0) (8, -94737.0)
Got better! (8, -94737.0) (7, -96576.0)
Got better! (7, -96576.0) (5, -97989.0)
Got better! (5, -97989.0) (5, -99494.0)
Got better! (5, -99494.0) (5, -99975.0)
Got better! (5, -99975.0) (5, -100936.0)
Got better! (5, -100936.0) (4, -101343.0)
Got better! (4, -101343.0) (4, -101778.0)
Got better! (4, -101778.0) (4, -102284.0)
Got better! (4, -102284.0) (4, -103092.0)
Got better! (4, -103092.0) (4, -103503.0)
Got better! (4, -103503.0) (4, -104051.0)
Got better! (4, -104051.0) (4, -104155.0)
Got better! (4, -104155.0) (4, -104405.0)
Got better! (4, -104405.0) (4, -105061.0)
Got better! (4, -105061.0) (4, -105227.0)
Got better! (4, -105227.0) (4, -105934.0)
Got better! (4, -105934.0) (4, -106372.0)
Final: (4, -106372.0)
