First: (3, -121559.0)
Got better! (3, -121559.0) (2, -124174.0)
Got better! (2, -124174.0) (2, -126727.0)
Got better! (2, -126727.0) (2, -129131.0)
Got better! (2, -129131.0) (2, -131686.0)
Got better! (2, -131686.0) (1, -130817.0)
Got better! (1, -130817.0) (1, -131542.0)
Got better! (1, -131542.0) (1, -133791.0)
Got better! (1, -133791.0) (1, -135589.0)
Got better! (1, -135589.0) (1, -137363.0)
Got better! (1, -137363.0) (1, -139237.0)
Got better! (1, -139237.0) (1, -141172.0)
Got better! (1, -141172.0) (1, -143023.0)
Got better! (1, -143023.0) (1, -144692.0)
Got better! (1, -144692.0) (1, -145816.0)
Got better! (1, -145816.0) (1, -146892.0)
Got better! (1, -146892.0) (1, -148177.0)
Got better! (1, -148177.0) (1, -150024.0)
Got better! (1, -150024.0) (1, -151262.0)
Got better! (1, -151262.0) (1, -152775.0)
Got better! (1, -152775.0) (1, -153946.0)
Got better! (1, -153946.0) (1, -155067.0)
Got better! (1, -155067.0) (1, -155599.0)
Got better! (1, -155599.0) (1, -156464.0)
Got better! (1, -156464.0) (1, -157227.0)
Got better! (1, -157227.0) (1, -158218.0)
Got better! (1, -158218.0) (1, -158979.0)
Got better! (1, -158979.0) (1, -160337.0)
Got better! (1, -160337.0) (1, -160739.0)
Got better! (1, -160739.0) (1, -161060.0)
Got better! (1, -161060.0) (1, -162099.0)
Got better! (1, -162099.0) (1, -162591.0)
Got better! (1, -162591.0) (1, -163324.0)
Final: (1, -163324.0)
