First: (15, -111466.0)
Got better! (15, -111466.0) (14, -93666.0)
Got better! (14, -93666.0) (14, -96742.0)
Got better! (14, -96742.0) (14, -103614.0)
Got better! (14, -103614.0) (13, -106359.0)
Got better! (13, -106359.0) (11, -108319.0)
Got better! (11, -108319.0) (11, -110672.0)
Got better! (11, -110672.0) (10, -111738.0)
Got better! (10, -111738.0) (10, -113304.0)
Got better! (10, -113304.0) (10, -114726.0)
Got better! (10, -114726.0) (10, -116526.0)
Got better! (10, -116526.0) (10, -117921.0)
Got better! (10, -117921.0) (10, -119274.0)
Got better! (10, -119274.0) (10, -120379.0)
Got better! (10, -120379.0) (10, -121239.0)
Got better! (10, -121239.0) (10, -122237.0)
Got better! (10, -122237.0) (10, -123152.0)
Got better! (10, -123152.0) (10, -124134.0)
Got better! (10, -124134.0) (8, -123981.0)
Got better! (8, -123981.0) (7, -124429.0)
Got better! (7, -124429.0) (7, -125434.0)
Got better! (7, -125434.0) (7, -126909.0)
Got better! (7, -126909.0) (6, -127370.0)
Got better! (6, -127370.0) (6, -128304.0)
Got better! (6, -128304.0) (6, -129142.0)
Got better! (6, -129142.0) (6, -129846.0)
Got better! (6, -129846.0) (6, -130313.0)
Got better! (6, -130313.0) (6, -130415.0)
Got better! (6, -130415.0) (6, -130944.0)
Got better! (6, -130944.0) (6, -131810.0)
Final: (6, -131810.0)
