First: (4, -113999.0)
Got better! (4, -113999.0) (2, -117078.0)
Got better! (2, -117078.0) (2, -120103.0)
Got better! (2, -120103.0) (2, -122447.0)
Got better! (2, -122447.0) (2, -124488.0)
Got better! (2, -124488.0) (2, -126538.0)
Got better! (2, -126538.0) (2, -128453.0)
Got better! (2, -128453.0) (2, -130754.0)
Got better! (2, -130754.0) (2, -133010.0)
Got better! (2, -133010.0) (2, -134846.0)
Got better! (2, -134846.0) (2, -136564.0)
Got better! (2, -136564.0) (2, -138100.0)
Got better! (2, -138100.0) (2, -139377.0)
Got better! (2, -139377.0) (2, -140462.0)
Got better! (2, -140462.0) (2, -141628.0)
Got better! (2, -141628.0) (2, -142363.0)
Got better! (2, -142363.0) (2, -143307.0)
Got better! (2, -143307.0) (2, -144573.0)
Got better! (2, -144573.0) (2, -145581.0)
Got better! (2, -145581.0) (2, -147013.0)
Got better! (2, -147013.0) (2, -147669.0)
Got better! (2, -147669.0) (2, -148701.0)
Got better! (2, -148701.0) (2, -149103.0)
Got better! (2, -149103.0) (2, -150356.0)
Got better! (2, -150356.0) (2, -150736.0)
Got better! (2, -150736.0) (2, -151574.0)
Got better! (2, -151574.0) (2, -152185.0)
Got better! (2, -152185.0) (2, -152644.0)
Got better! (2, -152644.0) (2, -153043.0)
Got better! (2, -153043.0) (2, -153251.0)
Got better! (2, -153251.0) (2, -153443.0)
Got better! (2, -153443.0) (2, -153523.0)
Got better! (2, -153523.0) (2, -153689.0)
Final: (2, -153689.0)
